This file contains any messages produced by compilers while
running configure, to aid debugging if configure makes a mistake.

It was created by asciidoc configure 8.6.6, which was
generated by GNU Autoconf 2.65.  Invocation command line was

  $ ./configure 

## --------- ##
## Platform. ##
## --------- ##

hostname = dkirwan-3MT
uname -m = i686
uname -r = 2.6.39.4
uname -s = Linux
uname -v = #1 SMP Thu Aug 18 13:38:02 NZST 2011

/usr/bin/uname -p = unknown
/bin/uname -X     = unknown

/bin/arch              = unknown
/usr/bin/arch -k       = unknown
/usr/convex/getsysinfo = unknown
/usr/bin/hostinfo      = unknown
/bin/machine           = unknown
/usr/bin/oslevel       = unknown
/bin/universe          = unknown

PATH: /usr/local/sbin
PATH: /usr/local/bin
PATH: /usr/sbin
PATH: /usr/bin
PATH: /sbin
PATH: /bin
PATH: /usr/games
PATH: /etc/alternatives/gem-bin
PATH: /etc/alternatives/gem-bin


## ----------- ##
## Core tests. ##
## ----------- ##

configure:1646: checking for a sed that does not truncate output
configure:1710: result: /bin/sed
configure:1716: checking whether ln -s works
configure:1720: result: yes
configure:1765: checking for a BSD-compatible install
configure:1833: result: /usr/bin/install -c
configure:1983: creating ./config.status

## ---------------------- ##
## Running config.status. ##
## ---------------------- ##

This file was extended by asciidoc config.status 8.6.6, which was
generated by GNU Autoconf 2.65.  Invocation command line was

  CONFIG_FILES    = 
  CONFIG_HEADERS  = 
  CONFIG_LINKS    = 
  CONFIG_COMMANDS = 
  $ ./config.status 

on dkirwan-3MT

config.status:721: creating Makefile

## ---------------- ##
## Cache variables. ##
## ---------------- ##

ac_cv_env_build_alias_set=
ac_cv_env_build_alias_value=
ac_cv_env_host_alias_set=
ac_cv_env_host_alias_value=
ac_cv_env_target_alias_set=
ac_cv_env_target_alias_value=
ac_cv_path_SED=/bin/sed
ac_cv_path_install='/usr/bin/install -c'

## ----------------- ##
## Output variables. ##
## ----------------- ##

DEFS='-DPACKAGE_NAME=\"asciidoc\" -DPACKAGE_TARNAME=\"asciidoc\" -DPACKAGE_VERSION=\"8.6.6\" -DPACKAGE_STRING=\"asciidoc\ 8.6.6\" -DPACKAGE_BUGREPORT=\"\" -DPACKAGE_URL=\"\"'
ECHO_C=''
ECHO_N='-n'
ECHO_T=''
INSTALL_DATA='${INSTALL} -m 644'
INSTALL_PROGRAM='${INSTALL}'
INSTALL_SCRIPT='${INSTALL}'
LIBOBJS=''
LIBS=''
LN_S='ln -s'
LTLIBOBJS=''
PACKAGE_BUGREPORT=''
PACKAGE_NAME='asciidoc'
PACKAGE_STRING='asciidoc 8.6.6'
PACKAGE_TARNAME='asciidoc'
PACKAGE_URL=''
PACKAGE_VERSION='8.6.6'
PATH_SEPARATOR=':'
SED='/bin/sed'
SHELL='/bin/sh'
bindir='${exec_prefix}/bin'
build_alias=''
datadir='${datarootdir}'
datarootdir='${prefix}/share'
docdir='${datarootdir}/doc/${PACKAGE_TARNAME}'
dvidir='${docdir}'
exec_prefix='${prefix}'
host_alias=''
htmldir='${docdir}'
includedir='${prefix}/include'
infodir='${datarootdir}/info'
libdir='${exec_prefix}/lib'
libexecdir='${exec_prefix}/libexec'
localedir='${datarootdir}/locale'
localstatedir='${prefix}/var'
mandir='${datarootdir}/man'
oldincludedir='/usr/include'
pdfdir='${docdir}'
prefix='/usr/local'
program_transform_name='s,x,x,'
psdir='${docdir}'
sbindir='${exec_prefix}/sbin'
sharedstatedir='${prefix}/com'
sysconfdir='${prefix}/etc'
target_alias=''

## ----------- ##
## confdefs.h. ##
## ----------- ##

/* confdefs.h */
#define PACKAGE_NAME "asciidoc"
#define PACKAGE_TARNAME "asciidoc"
#define PACKAGE_VERSION "8.6.6"
#define PACKAGE_STRING "asciidoc 8.6.6"
#define PACKAGE_BUGREPORT ""
#define PACKAGE_URL ""

configure: exit 0
